[debug] [2022-11-18T12:55:58.944Z] ----------------------------------------------------------------------
[debug] [2022-11-18T12:55:58.948Z] Command:       C:\Program Files\nodejs\node.exe C:\Program Files\nodejs\node_modules\firebase-tools\lib\bin\firebase.js deploy --only functions
[debug] [2022-11-18T12:55:58.949Z] CLI Version:   11.16.1
[debug] [2022-11-18T12:55:58.950Z] Platform:      win32
[debug] [2022-11-18T12:55:58.950Z] Node Version:  v18.12.1
[debug] [2022-11-18T12:55:58.951Z] Time:          Fri Nov 18 2022 20:55:58 GMT+0800 (シンガポール標準時)
[debug] [2022-11-18T12:55:58.952Z] ----------------------------------------------------------------------
[debug] 
[debug] [2022-11-18T12:55:59.112Z] > command requires scopes: ["email","openid","https://www.googleapis.com/auth/cloudplatformprojects.readonly","https://www.googleapis.com/auth/firebase","https://www.googleapis.com/auth/cloud-platform"]
[debug] [2022-11-18T12:55:59.114Z] > authorizing via signed-in user (tarsbkanteen@gmail.com)
[debug] [2022-11-18T12:55:59.118Z] [iam] checking project tarsb-kanteen-2022 for permissions ["cloudfunctions.functions.create","cloudfunctions.functions.delete","cloudfunctions.functions.get","cloudfunctions.functions.list","cloudfunctions.functions.update","cloudfunctions.operations.get","firebase.projects.get"]
[debug] [2022-11-18T12:55:59.129Z] >>> [apiv2][query] POST https://cloudresourcemanager.googleapis.com/v1/projects/tarsb-kanteen-2022:testIamPermissions [none]
[debug] [2022-11-18T12:55:59.130Z] >>> [apiv2][(partial)header] POST https://cloudresourcemanager.googleapis.com/v1/projects/tarsb-kanteen-2022:testIamPermissions x-goog-quota-user=projects/tarsb-kanteen-2022
[debug] [2022-11-18T12:55:59.131Z] >>> [apiv2][body] POST https://cloudresourcemanager.googleapis.com/v1/projects/tarsb-kanteen-2022:testIamPermissions {"permissions":["cloudfunctions.functions.create","cloudfunctions.functions.delete","cloudfunctions.functions.get","cloudfunctions.functions.list","cloudfunctions.functions.update","cloudfunctions.operations.get","firebase.projects.get"]}
[debug] [2022-11-18T12:56:00.490Z] <<< [apiv2][status] POST https://cloudresourcemanager.googleapis.com/v1/projects/tarsb-kanteen-2022:testIamPermissions 200
[debug] [2022-11-18T12:56:00.491Z] <<< [apiv2][body] POST https://cloudresourcemanager.googleapis.com/v1/projects/tarsb-kanteen-2022:testIamPermissions {"permissions":["cloudfunctions.functions.create","cloudfunctions.functions.delete","cloudfunctions.functions.get","cloudfunctions.functions.list","cloudfunctions.functions.update","cloudfunctions.operations.get","firebase.projects.get"]}
[debug] [2022-11-18T12:56:00.492Z] >>> [apiv2][query] POST https://iam.googleapis.com/v1/projects/tarsb-kanteen-2022/serviceAccounts/tarsb-kanteen-2022@appspot.gserviceaccount.com:testIamPermissions [none]
[debug] [2022-11-18T12:56:00.493Z] >>> [apiv2][body] POST https://iam.googleapis.com/v1/projects/tarsb-kanteen-2022/serviceAccounts/tarsb-kanteen-2022@appspot.gserviceaccount.com:testIamPermissions {"permissions":["iam.serviceAccounts.actAs"]}
[debug] [2022-11-18T12:56:01.684Z] <<< [apiv2][status] POST https://iam.googleapis.com/v1/projects/tarsb-kanteen-2022/serviceAccounts/tarsb-kanteen-2022@appspot.gserviceaccount.com:testIamPermissions 200
[debug] [2022-11-18T12:56:01.685Z] <<< [apiv2][body] POST https://iam.googleapis.com/v1/projects/tarsb-kanteen-2022/serviceAccounts/tarsb-kanteen-2022@appspot.gserviceaccount.com:testIamPermissions {"permissions":["iam.serviceAccounts.actAs"]}
[info] 
[info] === Deploying to 'tarsb-kanteen-2022'...
[info] 
[info] i  deploying functions 
[debug] [2022-11-18T12:56:01.694Z] >>> [apiv2][query] GET https://firebase.googleapis.com/v1beta1/projects/tarsb-kanteen-2022 [none]
[debug] [2022-11-18T12:56:02.162Z] <<< [apiv2][status] GET https://firebase.googleapis.com/v1beta1/projects/tarsb-kanteen-2022 200
[debug] [2022-11-18T12:56:02.162Z] <<< [apiv2][body] GET https://firebase.googleapis.com/v1beta1/projects/tarsb-kanteen-2022 {"projectId":"tarsb-kanteen-2022","projectNumber":"1003054218699","displayName":"TARSB Kanteen 2022","name":"projects/tarsb-kanteen-2022","resources":{"hostingSite":"tarsb-kanteen-2022","storageBucket":"tarsb-kanteen-2022.appspot.com","locationId":"asia-southeast1"},"state":"ACTIVE","etag":"1_45902787-39b3-4fc4-8c8d-ce88428b8aaf"}
[info] i  functions: ensuring required API cloudfunctions.googleapis.com is enabled... 
[info] i  functions: ensuring required API cloudbuild.googleapis.com is enabled... 
[info] i  artifactregistry: ensuring required API artifactregistry.googleapis.com is enabled... 
[debug] [2022-11-18T12:56:02.166Z] >>> [apiv2][query] GET https://serviceusage.googleapis.com/v1/projects/tarsb-kanteen-2022/services/cloudfunctions.googleapis.com [none]
[debug] [2022-11-18T12:56:02.167Z] >>> [apiv2][(partial)header] GET https://serviceusage.googleapis.com/v1/projects/tarsb-kanteen-2022/services/cloudfunctions.googleapis.com x-goog-quota-user=projects/tarsb-kanteen-2022
[debug] [2022-11-18T12:56:02.171Z] >>> [apiv2][query] GET https://serviceusage.googleapis.com/v1/projects/tarsb-kanteen-2022/services/runtimeconfig.googleapis.com [none]
[debug] [2022-11-18T12:56:02.171Z] >>> [apiv2][(partial)header] GET https://serviceusage.googleapis.com/v1/projects/tarsb-kanteen-2022/services/runtimeconfig.googleapis.com x-goog-quota-user=projects/tarsb-kanteen-2022
[debug] [2022-11-18T12:56:02.173Z] >>> [apiv2][query] GET https://serviceusage.googleapis.com/v1/projects/tarsb-kanteen-2022/services/cloudbuild.googleapis.com [none]
[debug] [2022-11-18T12:56:02.173Z] >>> [apiv2][(partial)header] GET https://serviceusage.googleapis.com/v1/projects/tarsb-kanteen-2022/services/cloudbuild.googleapis.com x-goog-quota-user=projects/tarsb-kanteen-2022
[debug] [2022-11-18T12:56:02.176Z] >>> [apiv2][query] GET https://serviceusage.googleapis.com/v1/projects/tarsb-kanteen-2022/services/artifactregistry.googleapis.com [none]
[debug] [2022-11-18T12:56:02.176Z] >>> [apiv2][(partial)header] GET https://serviceusage.googleapis.com/v1/projects/tarsb-kanteen-2022/services/artifactregistry.googleapis.com x-goog-quota-user=projects/tarsb-kanteen-2022
[debug] [2022-11-18T12:56:03.676Z] <<< [apiv2][status] GET https://serviceusage.googleapis.com/v1/projects/tarsb-kanteen-2022/services/artifactregistry.googleapis.com 200
[debug] [2022-11-18T12:56:03.676Z] <<< [apiv2][body] GET https://serviceusage.googleapis.com/v1/projects/tarsb-kanteen-2022/services/artifactregistry.googleapis.com [omitted]
[info] +  artifactregistry: required API artifactregistry.googleapis.com is enabled 
[debug] [2022-11-18T12:56:03.739Z] <<< [apiv2][status] GET https://serviceusage.googleapis.com/v1/projects/tarsb-kanteen-2022/services/cloudfunctions.googleapis.com 200
[debug] [2022-11-18T12:56:03.740Z] <<< [apiv2][body] GET https://serviceusage.googleapis.com/v1/projects/tarsb-kanteen-2022/services/cloudfunctions.googleapis.com [omitted]
[info] +  functions: required API cloudfunctions.googleapis.com is enabled 
[debug] [2022-11-18T12:56:03.762Z] <<< [apiv2][status] GET https://serviceusage.googleapis.com/v1/projects/tarsb-kanteen-2022/services/cloudbuild.googleapis.com 200
[debug] [2022-11-18T12:56:03.762Z] <<< [apiv2][body] GET https://serviceusage.googleapis.com/v1/projects/tarsb-kanteen-2022/services/cloudbuild.googleapis.com [omitted]
[info] +  functions: required API cloudbuild.googleapis.com is enabled 
[debug] [2022-11-18T12:56:03.776Z] <<< [apiv2][status] GET https://serviceusage.googleapis.com/v1/projects/tarsb-kanteen-2022/services/runtimeconfig.googleapis.com 200
[debug] [2022-11-18T12:56:03.777Z] <<< [apiv2][body] GET https://serviceusage.googleapis.com/v1/projects/tarsb-kanteen-2022/services/runtimeconfig.googleapis.com [omitted]
[debug] [2022-11-18T12:56:03.777Z] >>> [apiv2][query] GET https://firebase.googleapis.com/v1beta1/projects/tarsb-kanteen-2022/adminSdkConfig [none]
[debug] [2022-11-18T12:56:04.213Z] <<< [apiv2][status] GET https://firebase.googleapis.com/v1beta1/projects/tarsb-kanteen-2022/adminSdkConfig 200
[debug] [2022-11-18T12:56:04.214Z] <<< [apiv2][body] GET https://firebase.googleapis.com/v1beta1/projects/tarsb-kanteen-2022/adminSdkConfig {"projectId":"tarsb-kanteen-2022","storageBucket":"tarsb-kanteen-2022.appspot.com","locationId":"asia-southeast1"}
[debug] [2022-11-18T12:56:04.214Z] >>> [apiv2][query] GET https://runtimeconfig.googleapis.com/v1beta1/projects/tarsb-kanteen-2022/configs [none]
[debug] [2022-11-18T12:56:05.230Z] <<< [apiv2][status] GET https://runtimeconfig.googleapis.com/v1beta1/projects/tarsb-kanteen-2022/configs 200
[debug] [2022-11-18T12:56:05.230Z] <<< [apiv2][body] GET https://runtimeconfig.googleapis.com/v1beta1/projects/tarsb-kanteen-2022/configs {}
[info] i  functions: preparing codebase default for deployment 
[debug] [2022-11-18T12:56:05.233Z] Validating nodejs source
[debug] [2022-11-18T12:56:10.997Z] > [functions] package.json contents: {
  "name": "functions",
  "description": "Cloud Functions for Firebase",
  "scripts": {
    "serve": "firebase emulators:start --only functions",
    "shell": "firebase functions:shell",
    "start": "npm run shell",
    "deploy": "firebase deploy --only functions",
    "logs": "firebase functions:log"
  },
  "engines": {
    "node": "16"
  },
  "main": "index.js",
  "dependencies": {
    "firebase-admin": "^10.0.2",
    "firebase-functions": "^4.1.0"
  },
  "devDependencies": {
    "firebase-functions-test": "^0.2.0"
  },
  "private": true
}
[debug] [2022-11-18T12:56:10.997Z] Building nodejs source
[debug] [2022-11-18T12:56:10.999Z] Could not find functions.yaml. Must use http discovery
[debug] [2022-11-18T12:56:11.821Z] Serving at port 9005

[debug] [2022-11-18T12:56:13.182Z] Got response from /__/functions.yaml {"endpoints":{"processSignUp":{"platform":"gcfv1","availableMemoryMb":null,"timeoutSeconds":null,"minInstances":null,"maxInstances":null,"ingressSettings":null,"serviceAccountEmail":null,"vpc":null,"eventTrigger":{"eventType":"providers/firebase.auth/eventTypes/user.create","eventFilters":{"resource":"projects/tarsb-kanteen-2022"},"retry":false},"labels":{},"entryPoint":"processSignUp"},"registerStall":{"platform":"gcfv1","labels":{},"availableMemoryMb":null,"timeoutSeconds":null,"minInstances":null,"maxInstances":null,"ingressSettings":null,"serviceAccountEmail":null,"vpc":null,"callableTrigger":{},"entryPoint":"registerStall"}},"specVersion":"v1alpha1","requiredAPIs":[]}
[debug] [2022-11-18T12:56:13.193Z] shutdown requested via /__/quitquitquit

[info] i  functions: preparing functions directory for uploading... 
[info] i  functions: packaged C:\Users\User\Desktop\Code\React\tarsb-kanteen\functions (54.68 KB) for uploading 
[debug] [2022-11-18T12:56:13.302Z] >>> [apiv2][query] GET https://cloudfunctions.googleapis.com/v1/projects/tarsb-kanteen-2022/locations/-/functions [none]
[debug] [2022-11-18T12:56:13.941Z] <<< [apiv2][status] GET https://cloudfunctions.googleapis.com/v1/projects/tarsb-kanteen-2022/locations/-/functions 200
[debug] [2022-11-18T12:56:13.941Z] <<< [apiv2][body] GET https://cloudfunctions.googleapis.com/v1/projects/tarsb-kanteen-2022/locations/-/functions {}
[debug] [2022-11-18T12:56:13.943Z] >>> [apiv2][query] GET https://cloudfunctions.googleapis.com/v2/projects/tarsb-kanteen-2022/locations/-/functions filter=environment%3D%22GEN_2%22
[debug] [2022-11-18T12:56:15.676Z] <<< [apiv2][status] GET https://cloudfunctions.googleapis.com/v2/projects/tarsb-kanteen-2022/locations/-/functions 200
[debug] [2022-11-18T12:56:15.676Z] <<< [apiv2][body] GET https://cloudfunctions.googleapis.com/v2/projects/tarsb-kanteen-2022/locations/-/functions {}
[debug] [2022-11-18T12:56:15.691Z] >>> [apiv2][query] GET https://firebase.googleapis.com/v1beta1/projects/tarsb-kanteen-2022 [none]
[debug] [2022-11-18T12:56:16.328Z] <<< [apiv2][status] GET https://firebase.googleapis.com/v1beta1/projects/tarsb-kanteen-2022 200
[debug] [2022-11-18T12:56:16.328Z] <<< [apiv2][body] GET https://firebase.googleapis.com/v1beta1/projects/tarsb-kanteen-2022 {"projectId":"tarsb-kanteen-2022","projectNumber":"1003054218699","displayName":"TARSB Kanteen 2022","name":"projects/tarsb-kanteen-2022","resources":{"hostingSite":"tarsb-kanteen-2022","storageBucket":"tarsb-kanteen-2022.appspot.com","locationId":"asia-southeast1"},"state":"ACTIVE","etag":"1_45902787-39b3-4fc4-8c8d-ce88428b8aaf"}
[debug] [2022-11-18T12:56:16.328Z] >>> [apiv2][query] GET https://firebase.googleapis.com/v1beta1/projects/tarsb-kanteen-2022 [none]
[debug] [2022-11-18T12:56:16.731Z] <<< [apiv2][status] GET https://firebase.googleapis.com/v1beta1/projects/tarsb-kanteen-2022 200
[debug] [2022-11-18T12:56:16.731Z] <<< [apiv2][body] GET https://firebase.googleapis.com/v1beta1/projects/tarsb-kanteen-2022 {"projectId":"tarsb-kanteen-2022","projectNumber":"1003054218699","displayName":"TARSB Kanteen 2022","name":"projects/tarsb-kanteen-2022","resources":{"hostingSite":"tarsb-kanteen-2022","storageBucket":"tarsb-kanteen-2022.appspot.com","locationId":"asia-southeast1"},"state":"ACTIVE","etag":"1_45902787-39b3-4fc4-8c8d-ce88428b8aaf"}
[debug] [2022-11-18T12:56:16.735Z] >>> [apiv2][query] POST https://cloudfunctions.googleapis.com/v1/projects/tarsb-kanteen-2022/locations/us-central1/functions:generateUploadUrl [none]
[debug] [2022-11-18T12:56:16.735Z] >>> [apiv2][body] POST https://cloudfunctions.googleapis.com/v1/projects/tarsb-kanteen-2022/locations/us-central1/functions:generateUploadUrl {}
[debug] [2022-11-18T12:56:17.548Z] <<< [apiv2][status] POST https://cloudfunctions.googleapis.com/v1/projects/tarsb-kanteen-2022/locations/us-central1/functions:generateUploadUrl 200
[debug] [2022-11-18T12:56:17.548Z] <<< [apiv2][body] POST https://cloudfunctions.googleapis.com/v1/projects/tarsb-kanteen-2022/locations/us-central1/functions:generateUploadUrl {"uploadUrl":"https://storage.googleapis.com/uploads-73719086671.us-central1.cloudfunctions.appspot.com/57006396-4d17-493e-b0bb-9e47a6ed51ce.zip?GoogleAccessId=service-1003054218699@gcf-admin-robot.iam.gserviceaccount.com&Expires=1668777979&Signature=EY03cK%2F3OOTlW5s66wOkVt0ebjXnsv7b2ttuC2Nedk88R7%2Ff9g%2B6dci%2BSx8E%2BxwXQZNfKXkn1WbL78QKC%2BilnsaYvMgL9t21J%2BIUdfwYkJBhwqQG9ow8%2FE4%2FqUTDaGr92PgWe3%2B1wuEcg8mP99MwREiLbRQprTOeU3EnV%2FmG9p2PXdgn2GLcZ9ybzHFZBgn60fTkyncsxZCWLM1VwDZ90FB5UwwbqEDGutMs8IYXv0TpHrf4SeaqauKOD8gCCpUAUp3xBhZDaG78kEWxw5qSsxuAluJbHnGJ0W38bNILM24bhZIHArcM%2BbfO37Zr%2FB8ElJScIWxqJnWk5jpj%2FUhp8A%3D%3D"}
[debug] [2022-11-18T12:56:17.549Z] >>> [apiv2][query] PUT https://storage.googleapis.com/uploads-73719086671.us-central1.cloudfunctions.appspot.com/57006396-4d17-493e-b0bb-9e47a6ed51ce.zip GoogleAccessId=service-1003054218699%40gcf-admin-robot.iam.gserviceaccount.com&Expires=1668777979&Signature=EY03cK%2F3OOTlW5s66wOkVt0ebjXnsv7b2ttuC2Nedk88R7%2Ff9g%2B6dci%2BSx8E%2BxwXQZNfKXkn1WbL78QKC%2BilnsaYvMgL9t21J%2BIUdfwYkJBhwqQG9ow8%2FE4%2FqUTDaGr92PgWe3%2B1wuEcg8mP99MwREiLbRQprTOeU3EnV%2FmG9p2PXdgn2GLcZ9ybzHFZBgn60fTkyncsxZCWLM1VwDZ90FB5UwwbqEDGutMs8IYXv0TpHrf4SeaqauKOD8gCCpUAUp3xBhZDaG78kEWxw5qSsxuAluJbHnGJ0W38bNILM24bhZIHArcM%2BbfO37Zr%2FB8ElJScIWxqJnWk5jpj%2FUhp8A%3D%3D
[debug] [2022-11-18T12:56:17.549Z] >>> [apiv2][body] PUT https://storage.googleapis.com/uploads-73719086671.us-central1.cloudfunctions.appspot.com/57006396-4d17-493e-b0bb-9e47a6ed51ce.zip [stream]
[debug] [2022-11-18T12:56:19.830Z] <<< [apiv2][status] PUT https://storage.googleapis.com/uploads-73719086671.us-central1.cloudfunctions.appspot.com/57006396-4d17-493e-b0bb-9e47a6ed51ce.zip 200
[debug] [2022-11-18T12:56:19.830Z] <<< [apiv2][body] PUT https://storage.googleapis.com/uploads-73719086671.us-central1.cloudfunctions.appspot.com/57006396-4d17-493e-b0bb-9e47a6ed51ce.zip [omitted]
[info] +  functions: functions folder uploaded successfully 
[info] i  functions: creating Node.js 16 function processSignUp(us-central1)... 
[info] i  functions: creating Node.js 16 function registerStall(us-central1)... 
[debug] [2022-11-18T12:56:19.844Z] > refreshing access token with scopes: []
[debug] [2022-11-18T12:56:19.848Z] >>> [apiv2][query] POST https://www.googleapis.com/oauth2/v3/token [none]
[debug] [2022-11-18T12:56:19.849Z] >>> [apiv2][body] POST https://www.googleapis.com/oauth2/v3/token [omitted]
[debug] [2022-11-18T12:56:20.020Z] <<< [apiv2][status] POST https://www.googleapis.com/oauth2/v3/token 200
[debug] [2022-11-18T12:56:20.020Z] <<< [apiv2][body] POST https://www.googleapis.com/oauth2/v3/token [omitted]
[debug] [2022-11-18T12:56:20.054Z] >>> [apiv2][query] POST https://cloudfunctions.googleapis.com/v1/projects/tarsb-kanteen-2022/locations/us-central1/functions [none]
[debug] [2022-11-18T12:56:20.054Z] >>> [apiv2][body] POST https://cloudfunctions.googleapis.com/v1/projects/tarsb-kanteen-2022/locations/us-central1/functions {"name":"projects/tarsb-kanteen-2022/locations/us-central1/functions/processSignUp","sourceUploadUrl":"https://storage.googleapis.com/uploads-73719086671.us-central1.cloudfunctions.appspot.com/57006396-4d17-493e-b0bb-9e47a6ed51ce.zip?GoogleAccessId=service-1003054218699@gcf-admin-robot.iam.gserviceaccount.com&Expires=1668777979&Signature=EY03cK%2F3OOTlW5s66wOkVt0ebjXnsv7b2ttuC2Nedk88R7%2Ff9g%2B6dci%2BSx8E%2BxwXQZNfKXkn1WbL78QKC%2BilnsaYvMgL9t21J%2BIUdfwYkJBhwqQG9ow8%2FE4%2FqUTDaGr92PgWe3%2B1wuEcg8mP99MwREiLbRQprTOeU3EnV%2FmG9p2PXdgn2GLcZ9ybzHFZBgn60fTkyncsxZCWLM1VwDZ90FB5UwwbqEDGutMs8IYXv0TpHrf4SeaqauKOD8gCCpUAUp3xBhZDaG78kEWxw5qSsxuAluJbHnGJ0W38bNILM24bhZIHArcM%2BbfO37Zr%2FB8ElJScIWxqJnWk5jpj%2FUhp8A%3D%3D","entryPoint":"processSignUp","runtime":"nodejs16","dockerRegistry":"ARTIFACT_REGISTRY","labels":{"deployment-tool":"cli-firebase","firebase-functions-hash":"5bbb86de19514501292fc4bd15389c26856acbcb"},"eventTrigger":{"eventType":"providers/firebase.auth/eventTypes/user.create","resource":"projects/tarsb-kanteen-2022"},"minInstances":null,"maxInstances":null,"ingressSettings":null,"environmentVariables":{"FIREBASE_CONFIG":"{\"projectId\":\"tarsb-kanteen-2022\",\"storageBucket\":\"tarsb-kanteen-2022.appspot.com\",\"locationId\":\"asia-southeast1\"}","GCLOUD_PROJECT":"tarsb-kanteen-2022","EVENTARC_CLOUD_EVENT_SOURCE":"projects/tarsb-kanteen-2022/locations/us-central1/functions/registerStall"},"serviceAccountEmail":null,"availableMemoryMb":null,"timeout":null,"vpcConnector":null,"vpcConnectorEgressSettings":null}
[debug] [2022-11-18T12:56:20.912Z] <<< [apiv2][status] POST https://cloudfunctions.googleapis.com/v1/projects/tarsb-kanteen-2022/locations/us-central1/functions 200
[debug] [2022-11-18T12:56:20.912Z] <<< [apiv2][body] POST https://cloudfunctions.googleapis.com/v1/projects/tarsb-kanteen-2022/locations/us-central1/functions {"name":"operations/dGFyc2Ita2FudGVlbi0yMDIyL3VzLWNlbnRyYWwxL3Byb2Nlc3NTaWduVXAvZzNLOGdkOVUwbWc","metadata":{"@type":"type.googleapis.com/google.cloud.functions.v1.OperationMetadataV1","target":"projects/tarsb-kanteen-2022/locations/us-central1/functions/processSignUp","type":"CREATE_FUNCTION","request":{"@type":"type.googleapis.com/google.cloud.functions.v1.CloudFunction","name":"projects/tarsb-kanteen-2022/locations/us-central1/functions/processSignUp","eventTrigger":{"eventType":"providers/firebase.auth/eventTypes/user.create","resource":"projects/tarsb-kanteen-2022"},"entryPoint":"processSignUp","labels":{"deployment-tool":"cli-firebase","firebase-functions-hash":"5bbb86de19514501292fc4bd15389c26856acbcb"},"sourceUploadUrl":"https://storage.googleapis.com/uploads-73719086671.us-central1.cloudfunctions.appspot.com/57006396-4d17-493e-b0bb-9e47a6ed51ce.zip?GoogleAccessId=service-1003054218699@gcf-admin-robot.iam.gserviceaccount.com&Expires=1668777979&Signature=EY03cK%2F3OOTlW5s66wOkVt0ebjXnsv7b2ttuC2Nedk88R7%2Ff9g%2B6dci%2BSx8E%2BxwXQZNfKXkn1WbL78QKC%2BilnsaYvMgL9t21J%2BIUdfwYkJBhwqQG9ow8%2FE4%2FqUTDaGr92PgWe3%2B1wuEcg8mP99MwREiLbRQprTOeU3EnV%2FmG9p2PXdgn2GLcZ9ybzHFZBgn60fTkyncsxZCWLM1VwDZ90FB5UwwbqEDGutMs8IYXv0TpHrf4SeaqauKOD8gCCpUAUp3xBhZDaG78kEWxw5qSsxuAluJbHnGJ0W38bNILM24bhZIHArcM%2BbfO37Zr%2FB8ElJScIWxqJnWk5jpj%2FUhp8A%3D%3D","environmentVariables":{"FIREBASE_CONFIG":"{\"projectId\":\"tarsb-kanteen-2022\",\"storageBucket\":\"tarsb-kanteen-2022.appspot.com\",\"locationId\":\"asia-southeast1\"}","GCLOUD_PROJECT":"tarsb-kanteen-2022","EVENTARC_CLOUD_EVENT_SOURCE":"projects/tarsb-kanteen-2022/locations/us-central1/functions/registerStall"},"runtime":"nodejs16","dockerRegistry":"ARTIFACT_REGISTRY"},"versionId":"1","updateTime":"2022-11-18T12:56:22Z"}}
[debug] [2022-11-18T12:56:20.913Z] >>> [apiv2][query] GET https://cloudfunctions.googleapis.com/v1/operations/dGFyc2Ita2FudGVlbi0yMDIyL3VzLWNlbnRyYWwxL3Byb2Nlc3NTaWduVXAvZzNLOGdkOVUwbWc [none]
[debug] [2022-11-18T12:56:21.410Z] <<< [apiv2][status] GET https://cloudfunctions.googleapis.com/v1/operations/dGFyc2Ita2FudGVlbi0yMDIyL3VzLWNlbnRyYWwxL3Byb2Nlc3NTaWduVXAvZzNLOGdkOVUwbWc 200
[debug] [2022-11-18T12:56:21.410Z] <<< [apiv2][body] GET https://cloudfunctions.googleapis.com/v1/operations/dGFyc2Ita2FudGVlbi0yMDIyL3VzLWNlbnRyYWwxL3Byb2Nlc3NTaWduVXAvZzNLOGdkOVUwbWc {"name":"operations/dGFyc2Ita2FudGVlbi0yMDIyL3VzLWNlbnRyYWwxL3Byb2Nlc3NTaWduVXAvZzNLOGdkOVUwbWc","metadata":{"@type":"type.googleapis.com/google.cloud.functions.v1.OperationMetadataV1","target":"projects/tarsb-kanteen-2022/locations/us-central1/functions/processSignUp","type":"CREATE_FUNCTION","request":{"@type":"type.googleapis.com/google.cloud.functions.v1.CloudFunction","name":"projects/tarsb-kanteen-2022/locations/us-central1/functions/processSignUp","eventTrigger":{"eventType":"providers/firebase.auth/eventTypes/user.create","resource":"projects/tarsb-kanteen-2022"},"entryPoint":"processSignUp","labels":{"deployment-tool":"cli-firebase","firebase-functions-hash":"5bbb86de19514501292fc4bd15389c26856acbcb"},"sourceUploadUrl":"https://storage.googleapis.com/uploads-73719086671.us-central1.cloudfunctions.appspot.com/57006396-4d17-493e-b0bb-9e47a6ed51ce.zip?GoogleAccessId=service-1003054218699@gcf-admin-robot.iam.gserviceaccount.com&Expires=1668777979&Signature=EY03cK%2F3OOTlW5s66wOkVt0ebjXnsv7b2ttuC2Nedk88R7%2Ff9g%2B6dci%2BSx8E%2BxwXQZNfKXkn1WbL78QKC%2BilnsaYvMgL9t21J%2BIUdfwYkJBhwqQG9ow8%2FE4%2FqUTDaGr92PgWe3%2B1wuEcg8mP99MwREiLbRQprTOeU3EnV%2FmG9p2PXdgn2GLcZ9ybzHFZBgn60fTkyncsxZCWLM1VwDZ90FB5UwwbqEDGutMs8IYXv0TpHrf4SeaqauKOD8gCCpUAUp3xBhZDaG78kEWxw5qSsxuAluJbHnGJ0W38bNILM24bhZIHArcM%2BbfO37Zr%2FB8ElJScIWxqJnWk5jpj%2FUhp8A%3D%3D","environmentVariables":{"FIREBASE_CONFIG":"{\"projectId\":\"tarsb-kanteen-2022\",\"storageBucket\":\"tarsb-kanteen-2022.appspot.com\",\"locationId\":\"asia-southeast1\"}","GCLOUD_PROJECT":"tarsb-kanteen-2022","EVENTARC_CLOUD_EVENT_SOURCE":"projects/tarsb-kanteen-2022/locations/us-central1/functions/registerStall"},"runtime":"nodejs16","dockerRegistry":"ARTIFACT_REGISTRY"},"versionId":"1","updateTime":"2022-11-18T12:56:23Z"}}
[debug] [2022-11-18T12:56:21.923Z] [create-default-us-central1-processSignUp] Retrying task index 0
[debug] [2022-11-18T12:56:21.924Z] >>> [apiv2][query] GET https://cloudfunctions.googleapis.com/v1/operations/dGFyc2Ita2FudGVlbi0yMDIyL3VzLWNlbnRyYWwxL3Byb2Nlc3NTaWduVXAvZzNLOGdkOVUwbWc [none]
[debug] [2022-11-18T12:56:22.462Z] <<< [apiv2][status] GET https://cloudfunctions.googleapis.com/v1/operations/dGFyc2Ita2FudGVlbi0yMDIyL3VzLWNlbnRyYWwxL3Byb2Nlc3NTaWduVXAvZzNLOGdkOVUwbWc 200
[debug] [2022-11-18T12:56:22.462Z] <<< [apiv2][body] GET https://cloudfunctions.googleapis.com/v1/operations/dGFyc2Ita2FudGVlbi0yMDIyL3VzLWNlbnRyYWwxL3Byb2Nlc3NTaWduVXAvZzNLOGdkOVUwbWc {"name":"operations/dGFyc2Ita2FudGVlbi0yMDIyL3VzLWNlbnRyYWwxL3Byb2Nlc3NTaWduVXAvZzNLOGdkOVUwbWc","metadata":{"@type":"type.googleapis.com/google.cloud.functions.v1.OperationMetadataV1","target":"projects/tarsb-kanteen-2022/locations/us-central1/functions/processSignUp","type":"CREATE_FUNCTION","request":{"@type":"type.googleapis.com/google.cloud.functions.v1.CloudFunction","name":"projects/tarsb-kanteen-2022/locations/us-central1/functions/processSignUp","eventTrigger":{"eventType":"providers/firebase.auth/eventTypes/user.create","resource":"projects/tarsb-kanteen-2022"},"entryPoint":"processSignUp","labels":{"deployment-tool":"cli-firebase","firebase-functions-hash":"5bbb86de19514501292fc4bd15389c26856acbcb"},"sourceUploadUrl":"https://storage.googleapis.com/uploads-73719086671.us-central1.cloudfunctions.appspot.com/57006396-4d17-493e-b0bb-9e47a6ed51ce.zip?GoogleAccessId=service-1003054218699@gcf-admin-robot.iam.gserviceaccount.com&Expires=1668777979&Signature=EY03cK%2F3OOTlW5s66wOkVt0ebjXnsv7b2ttuC2Nedk88R7%2Ff9g%2B6dci%2BSx8E%2BxwXQZNfKXkn1WbL78QKC%2BilnsaYvMgL9t21J%2BIUdfwYkJBhwqQG9ow8%2FE4%2FqUTDaGr92PgWe3%2B1wuEcg8mP99MwREiLbRQprTOeU3EnV%2FmG9p2PXdgn2GLcZ9ybzHFZBgn60fTkyncsxZCWLM1VwDZ90FB5UwwbqEDGutMs8IYXv0TpHrf4SeaqauKOD8gCCpUAUp3xBhZDaG78kEWxw5qSsxuAluJbHnGJ0W38bNILM24bhZIHArcM%2BbfO37Zr%2FB8ElJScIWxqJnWk5jpj%2FUhp8A%3D%3D","environmentVariables":{"FIREBASE_CONFIG":"{\"projectId\":\"tarsb-kanteen-2022\",\"storageBucket\":\"tarsb-kanteen-2022.appspot.com\",\"locationId\":\"asia-southeast1\"}","GCLOUD_PROJECT":"tarsb-kanteen-2022","EVENTARC_CLOUD_EVENT_SOURCE":"projects/tarsb-kanteen-2022/locations/us-central1/functions/registerStall"},"runtime":"nodejs16","dockerRegistry":"ARTIFACT_REGISTRY"},"versionId":"1","updateTime":"2022-11-18T12:56:23Z","buildId":"71b5b244-385d-4cd2-a260-0867fd897ee4","buildName":"projects/1003054218699/locations/us-central1/builds/71b5b244-385d-4cd2-a260-0867fd897ee4"}}
[debug] [2022-11-18T12:56:23.465Z] [create-default-us-central1-processSignUp] Retrying task index 0
[debug] [2022-11-18T12:56:23.465Z] >>> [apiv2][query] GET https://cloudfunctions.googleapis.com/v1/operations/dGFyc2Ita2FudGVlbi0yMDIyL3VzLWNlbnRyYWwxL3Byb2Nlc3NTaWduVXAvZzNLOGdkOVUwbWc [none]
[debug] [2022-11-18T12:56:23.967Z] <<< [apiv2][status] GET https://cloudfunctions.googleapis.com/v1/operations/dGFyc2Ita2FudGVlbi0yMDIyL3VzLWNlbnRyYWwxL3Byb2Nlc3NTaWduVXAvZzNLOGdkOVUwbWc 200
[debug] [2022-11-18T12:56:23.968Z] <<< [apiv2][body] GET https://cloudfunctions.googleapis.com/v1/operations/dGFyc2Ita2FudGVlbi0yMDIyL3VzLWNlbnRyYWwxL3Byb2Nlc3NTaWduVXAvZzNLOGdkOVUwbWc {"name":"operations/dGFyc2Ita2FudGVlbi0yMDIyL3VzLWNlbnRyYWwxL3Byb2Nlc3NTaWduVXAvZzNLOGdkOVUwbWc","metadata":{"@type":"type.googleapis.com/google.cloud.functions.v1.OperationMetadataV1","target":"projects/tarsb-kanteen-2022/locations/us-central1/functions/processSignUp","type":"CREATE_FUNCTION","request":{"@type":"type.googleapis.com/google.cloud.functions.v1.CloudFunction","name":"projects/tarsb-kanteen-2022/locations/us-central1/functions/processSignUp","eventTrigger":{"eventType":"providers/firebase.auth/eventTypes/user.create","resource":"projects/tarsb-kanteen-2022"},"entryPoint":"processSignUp","labels":{"deployment-tool":"cli-firebase","firebase-functions-hash":"5bbb86de19514501292fc4bd15389c26856acbcb"},"sourceUploadUrl":"https://storage.googleapis.com/uploads-73719086671.us-central1.cloudfunctions.appspot.com/57006396-4d17-493e-b0bb-9e47a6ed51ce.zip?GoogleAccessId=service-1003054218699@gcf-admin-robot.iam.gserviceaccount.com&Expires=1668777979&Signature=EY03cK%2F3OOTlW5s66wOkVt0ebjXnsv7b2ttuC2Nedk88R7%2Ff9g%2B6dci%2BSx8E%2BxwXQZNfKXkn1WbL78QKC%2BilnsaYvMgL9t21J%2BIUdfwYkJBhwqQG9ow8%2FE4%2FqUTDaGr92PgWe3%2B1wuEcg8mP99MwREiLbRQprTOeU3EnV%2FmG9p2PXdgn2GLcZ9ybzHFZBgn60fTkyncsxZCWLM1VwDZ90FB5UwwbqEDGutMs8IYXv0TpHrf4SeaqauKOD8gCCpUAUp3xBhZDaG78kEWxw5qSsxuAluJbHnGJ0W38bNILM24bhZIHArcM%2BbfO37Zr%2FB8ElJScIWxqJnWk5jpj%2FUhp8A%3D%3D","environmentVariables":{"FIREBASE_CONFIG":"{\"projectId\":\"tarsb-kanteen-2022\",\"storageBucket\":\"tarsb-kanteen-2022.appspot.com\",\"locationId\":\"asia-southeast1\"}","GCLOUD_PROJECT":"tarsb-kanteen-2022","EVENTARC_CLOUD_EVENT_SOURCE":"projects/tarsb-kanteen-2022/locations/us-central1/functions/registerStall"},"runtime":"nodejs16","dockerRegistry":"ARTIFACT_REGISTRY"},"versionId":"1","updateTime":"2022-11-18T12:56:23Z","buildId":"71b5b244-385d-4cd2-a260-0867fd897ee4","buildName":"projects/1003054218699/locations/us-central1/builds/71b5b244-385d-4cd2-a260-0867fd897ee4"}}
[debug] [2022-11-18T12:56:25.975Z] [create-default-us-central1-processSignUp] Retrying task index 0
[debug] [2022-11-18T12:56:25.976Z] >>> [apiv2][query] GET https://cloudfunctions.googleapis.com/v1/operations/dGFyc2Ita2FudGVlbi0yMDIyL3VzLWNlbnRyYWwxL3Byb2Nlc3NTaWduVXAvZzNLOGdkOVUwbWc [none]
[debug] [2022-11-18T12:56:26.500Z] <<< [apiv2][status] GET https://cloudfunctions.googleapis.com/v1/operations/dGFyc2Ita2FudGVlbi0yMDIyL3VzLWNlbnRyYWwxL3Byb2Nlc3NTaWduVXAvZzNLOGdkOVUwbWc 200
[debug] [2022-11-18T12:56:26.501Z] <<< [apiv2][body] GET https://cloudfunctions.googleapis.com/v1/operations/dGFyc2Ita2FudGVlbi0yMDIyL3VzLWNlbnRyYWwxL3Byb2Nlc3NTaWduVXAvZzNLOGdkOVUwbWc {"name":"operations/dGFyc2Ita2FudGVlbi0yMDIyL3VzLWNlbnRyYWwxL3Byb2Nlc3NTaWduVXAvZzNLOGdkOVUwbWc","metadata":{"@type":"type.googleapis.com/google.cloud.functions.v1.OperationMetadataV1","target":"projects/tarsb-kanteen-2022/locations/us-central1/functions/processSignUp","type":"CREATE_FUNCTION","request":{"@type":"type.googleapis.com/google.cloud.functions.v1.CloudFunction","name":"projects/tarsb-kanteen-2022/locations/us-central1/functions/processSignUp","eventTrigger":{"eventType":"providers/firebase.auth/eventTypes/user.create","resource":"projects/tarsb-kanteen-2022"},"entryPoint":"processSignUp","labels":{"deployment-tool":"cli-firebase","firebase-functions-hash":"5bbb86de19514501292fc4bd15389c26856acbcb"},"sourceUploadUrl":"https://storage.googleapis.com/uploads-73719086671.us-central1.cloudfunctions.appspot.com/57006396-4d17-493e-b0bb-9e47a6ed51ce.zip?GoogleAccessId=service-1003054218699@gcf-admin-robot.iam.gserviceaccount.com&Expires=1668777979&Signature=EY03cK%2F3OOTlW5s66wOkVt0ebjXnsv7b2ttuC2Nedk88R7%2Ff9g%2B6dci%2BSx8E%2BxwXQZNfKXkn1WbL78QKC%2BilnsaYvMgL9t21J%2BIUdfwYkJBhwqQG9ow8%2FE4%2FqUTDaGr92PgWe3%2B1wuEcg8mP99MwREiLbRQprTOeU3EnV%2FmG9p2PXdgn2GLcZ9ybzHFZBgn60fTkyncsxZCWLM1VwDZ90FB5UwwbqEDGutMs8IYXv0TpHrf4SeaqauKOD8gCCpUAUp3xBhZDaG78kEWxw5qSsxuAluJbHnGJ0W38bNILM24bhZIHArcM%2BbfO37Zr%2FB8ElJScIWxqJnWk5jpj%2FUhp8A%3D%3D","environmentVariables":{"FIREBASE_CONFIG":"{\"projectId\":\"tarsb-kanteen-2022\",\"storageBucket\":\"tarsb-kanteen-2022.appspot.com\",\"locationId\":\"asia-southeast1\"}","GCLOUD_PROJECT":"tarsb-kanteen-2022","EVENTARC_CLOUD_EVENT_SOURCE":"projects/tarsb-kanteen-2022/locations/us-central1/functions/registerStall"},"runtime":"nodejs16","dockerRegistry":"ARTIFACT_REGISTRY"},"versionId":"1","updateTime":"2022-11-18T12:56:23Z","buildId":"71b5b244-385d-4cd2-a260-0867fd897ee4","buildName":"projects/1003054218699/locations/us-central1/builds/71b5b244-385d-4cd2-a260-0867fd897ee4"}}
[debug] [2022-11-18T12:56:30.502Z] [create-default-us-central1-processSignUp] Retrying task index 0
[debug] [2022-11-18T12:56:30.503Z] >>> [apiv2][query] GET https://cloudfunctions.googleapis.com/v1/operations/dGFyc2Ita2FudGVlbi0yMDIyL3VzLWNlbnRyYWwxL3Byb2Nlc3NTaWduVXAvZzNLOGdkOVUwbWc [none]
[debug] [2022-11-18T12:56:31.006Z] <<< [apiv2][status] GET https://cloudfunctions.googleapis.com/v1/operations/dGFyc2Ita2FudGVlbi0yMDIyL3VzLWNlbnRyYWwxL3Byb2Nlc3NTaWduVXAvZzNLOGdkOVUwbWc 200
[debug] [2022-11-18T12:56:31.006Z] <<< [apiv2][body] GET https://cloudfunctions.googleapis.com/v1/operations/dGFyc2Ita2FudGVlbi0yMDIyL3VzLWNlbnRyYWwxL3Byb2Nlc3NTaWduVXAvZzNLOGdkOVUwbWc {"name":"operations/dGFyc2Ita2FudGVlbi0yMDIyL3VzLWNlbnRyYWwxL3Byb2Nlc3NTaWduVXAvZzNLOGdkOVUwbWc","metadata":{"@type":"type.googleapis.com/google.cloud.functions.v1.OperationMetadataV1","target":"projects/tarsb-kanteen-2022/locations/us-central1/functions/processSignUp","type":"CREATE_FUNCTION","request":{"@type":"type.googleapis.com/google.cloud.functions.v1.CloudFunction","name":"projects/tarsb-kanteen-2022/locations/us-central1/functions/processSignUp","eventTrigger":{"eventType":"providers/firebase.auth/eventTypes/user.create","resource":"projects/tarsb-kanteen-2022"},"entryPoint":"processSignUp","labels":{"deployment-tool":"cli-firebase","firebase-functions-hash":"5bbb86de19514501292fc4bd15389c26856acbcb"},"sourceUploadUrl":"https://storage.googleapis.com/uploads-73719086671.us-central1.cloudfunctions.appspot.com/57006396-4d17-493e-b0bb-9e47a6ed51ce.zip?GoogleAccessId=service-1003054218699@gcf-admin-robot.iam.gserviceaccount.com&Expires=1668777979&Signature=EY03cK%2F3OOTlW5s66wOkVt0ebjXnsv7b2ttuC2Nedk88R7%2Ff9g%2B6dci%2BSx8E%2BxwXQZNfKXkn1WbL78QKC%2BilnsaYvMgL9t21J%2BIUdfwYkJBhwqQG9ow8%2FE4%2FqUTDaGr92PgWe3%2B1wuEcg8mP99MwREiLbRQprTOeU3EnV%2FmG9p2PXdgn2GLcZ9ybzHFZBgn60fTkyncsxZCWLM1VwDZ90FB5UwwbqEDGutMs8IYXv0TpHrf4SeaqauKOD8gCCpUAUp3xBhZDaG78kEWxw5qSsxuAluJbHnGJ0W38bNILM24bhZIHArcM%2BbfO37Zr%2FB8ElJScIWxqJnWk5jpj%2FUhp8A%3D%3D","environmentVariables":{"FIREBASE_CONFIG":"{\"projectId\":\"tarsb-kanteen-2022\",\"storageBucket\":\"tarsb-kanteen-2022.appspot.com\",\"locationId\":\"asia-southeast1\"}","GCLOUD_PROJECT":"tarsb-kanteen-2022","EVENTARC_CLOUD_EVENT_SOURCE":"projects/tarsb-kanteen-2022/locations/us-central1/functions/registerStall"},"runtime":"nodejs16","dockerRegistry":"ARTIFACT_REGISTRY"},"versionId":"1","updateTime":"2022-11-18T12:56:23Z","buildId":"71b5b244-385d-4cd2-a260-0867fd897ee4","buildName":"projects/1003054218699/locations/us-central1/builds/71b5b244-385d-4cd2-a260-0867fd897ee4"}}
[debug] [2022-11-18T12:56:39.019Z] [create-default-us-central1-processSignUp] Retrying task index 0
[debug] [2022-11-18T12:56:39.020Z] >>> [apiv2][query] GET https://cloudfunctions.googleapis.com/v1/operations/dGFyc2Ita2FudGVlbi0yMDIyL3VzLWNlbnRyYWwxL3Byb2Nlc3NTaWduVXAvZzNLOGdkOVUwbWc [none]
[debug] [2022-11-18T12:56:39.483Z] <<< [apiv2][status] GET https://cloudfunctions.googleapis.com/v1/operations/dGFyc2Ita2FudGVlbi0yMDIyL3VzLWNlbnRyYWwxL3Byb2Nlc3NTaWduVXAvZzNLOGdkOVUwbWc 200
[debug] [2022-11-18T12:56:39.483Z] <<< [apiv2][body] GET https://cloudfunctions.googleapis.com/v1/operations/dGFyc2Ita2FudGVlbi0yMDIyL3VzLWNlbnRyYWwxL3Byb2Nlc3NTaWduVXAvZzNLOGdkOVUwbWc {"name":"operations/dGFyc2Ita2FudGVlbi0yMDIyL3VzLWNlbnRyYWwxL3Byb2Nlc3NTaWduVXAvZzNLOGdkOVUwbWc","metadata":{"@type":"type.googleapis.com/google.cloud.functions.v1.OperationMetadataV1","target":"projects/tarsb-kanteen-2022/locations/us-central1/functions/processSignUp","type":"CREATE_FUNCTION","request":{"@type":"type.googleapis.com/google.cloud.functions.v1.CloudFunction","name":"projects/tarsb-kanteen-2022/locations/us-central1/functions/processSignUp","eventTrigger":{"eventType":"providers/firebase.auth/eventTypes/user.create","resource":"projects/tarsb-kanteen-2022"},"entryPoint":"processSignUp","labels":{"deployment-tool":"cli-firebase","firebase-functions-hash":"5bbb86de19514501292fc4bd15389c26856acbcb"},"sourceUploadUrl":"https://storage.googleapis.com/uploads-73719086671.us-central1.cloudfunctions.appspot.com/57006396-4d17-493e-b0bb-9e47a6ed51ce.zip?GoogleAccessId=service-1003054218699@gcf-admin-robot.iam.gserviceaccount.com&Expires=1668777979&Signature=EY03cK%2F3OOTlW5s66wOkVt0ebjXnsv7b2ttuC2Nedk88R7%2Ff9g%2B6dci%2BSx8E%2BxwXQZNfKXkn1WbL78QKC%2BilnsaYvMgL9t21J%2BIUdfwYkJBhwqQG9ow8%2FE4%2FqUTDaGr92PgWe3%2B1wuEcg8mP99MwREiLbRQprTOeU3EnV%2FmG9p2PXdgn2GLcZ9ybzHFZBgn60fTkyncsxZCWLM1VwDZ90FB5UwwbqEDGutMs8IYXv0TpHrf4SeaqauKOD8gCCpUAUp3xBhZDaG78kEWxw5qSsxuAluJbHnGJ0W38bNILM24bhZIHArcM%2BbfO37Zr%2FB8ElJScIWxqJnWk5jpj%2FUhp8A%3D%3D","environmentVariables":{"FIREBASE_CONFIG":"{\"projectId\":\"tarsb-kanteen-2022\",\"storageBucket\":\"tarsb-kanteen-2022.appspot.com\",\"locationId\":\"asia-southeast1\"}","GCLOUD_PROJECT":"tarsb-kanteen-2022","EVENTARC_CLOUD_EVENT_SOURCE":"projects/tarsb-kanteen-2022/locations/us-central1/functions/registerStall"},"runtime":"nodejs16","dockerRegistry":"ARTIFACT_REGISTRY"},"versionId":"1","updateTime":"2022-11-18T12:56:23Z","buildId":"71b5b244-385d-4cd2-a260-0867fd897ee4","buildName":"projects/1003054218699/locations/us-central1/builds/71b5b244-385d-4cd2-a260-0867fd897ee4"}}
[debug] [2022-11-18T12:56:49.494Z] [create-default-us-central1-processSignUp] Retrying task index 0
[debug] [2022-11-18T12:56:49.494Z] >>> [apiv2][query] GET https://cloudfunctions.googleapis.com/v1/operations/dGFyc2Ita2FudGVlbi0yMDIyL3VzLWNlbnRyYWwxL3Byb2Nlc3NTaWduVXAvZzNLOGdkOVUwbWc [none]
[debug] [2022-11-18T12:56:49.986Z] <<< [apiv2][status] GET https://cloudfunctions.googleapis.com/v1/operations/dGFyc2Ita2FudGVlbi0yMDIyL3VzLWNlbnRyYWwxL3Byb2Nlc3NTaWduVXAvZzNLOGdkOVUwbWc 200
[debug] [2022-11-18T12:56:49.986Z] <<< [apiv2][body] GET https://cloudfunctions.googleapis.com/v1/operations/dGFyc2Ita2FudGVlbi0yMDIyL3VzLWNlbnRyYWwxL3Byb2Nlc3NTaWduVXAvZzNLOGdkOVUwbWc {"name":"operations/dGFyc2Ita2FudGVlbi0yMDIyL3VzLWNlbnRyYWwxL3Byb2Nlc3NTaWduVXAvZzNLOGdkOVUwbWc","metadata":{"@type":"type.googleapis.com/google.cloud.functions.v1.OperationMetadataV1","target":"projects/tarsb-kanteen-2022/locations/us-central1/functions/processSignUp","type":"CREATE_FUNCTION","request":{"@type":"type.googleapis.com/google.cloud.functions.v1.CloudFunction","name":"projects/tarsb-kanteen-2022/locations/us-central1/functions/processSignUp","eventTrigger":{"eventType":"providers/firebase.auth/eventTypes/user.create","resource":"projects/tarsb-kanteen-2022"},"entryPoint":"processSignUp","labels":{"deployment-tool":"cli-firebase","firebase-functions-hash":"5bbb86de19514501292fc4bd15389c26856acbcb"},"sourceUploadUrl":"https://storage.googleapis.com/uploads-73719086671.us-central1.cloudfunctions.appspot.com/57006396-4d17-493e-b0bb-9e47a6ed51ce.zip?GoogleAccessId=service-1003054218699@gcf-admin-robot.iam.gserviceaccount.com&Expires=1668777979&Signature=EY03cK%2F3OOTlW5s66wOkVt0ebjXnsv7b2ttuC2Nedk88R7%2Ff9g%2B6dci%2BSx8E%2BxwXQZNfKXkn1WbL78QKC%2BilnsaYvMgL9t21J%2BIUdfwYkJBhwqQG9ow8%2FE4%2FqUTDaGr92PgWe3%2B1wuEcg8mP99MwREiLbRQprTOeU3EnV%2FmG9p2PXdgn2GLcZ9ybzHFZBgn60fTkyncsxZCWLM1VwDZ90FB5UwwbqEDGutMs8IYXv0TpHrf4SeaqauKOD8gCCpUAUp3xBhZDaG78kEWxw5qSsxuAluJbHnGJ0W38bNILM24bhZIHArcM%2BbfO37Zr%2FB8ElJScIWxqJnWk5jpj%2FUhp8A%3D%3D","environmentVariables":{"FIREBASE_CONFIG":"{\"projectId\":\"tarsb-kanteen-2022\",\"storageBucket\":\"tarsb-kanteen-2022.appspot.com\",\"locationId\":\"asia-southeast1\"}","GCLOUD_PROJECT":"tarsb-kanteen-2022","EVENTARC_CLOUD_EVENT_SOURCE":"projects/tarsb-kanteen-2022/locations/us-central1/functions/registerStall"},"runtime":"nodejs16","dockerRegistry":"ARTIFACT_REGISTRY"},"versionId":"1","updateTime":"2022-11-18T12:56:23Z","buildId":"71b5b244-385d-4cd2-a260-0867fd897ee4","buildName":"projects/1003054218699/locations/us-central1/builds/71b5b244-385d-4cd2-a260-0867fd897ee4"}}
[debug] [2022-11-18T12:56:59.993Z] [create-default-us-central1-processSignUp] Retrying task index 0
[debug] [2022-11-18T12:56:59.993Z] >>> [apiv2][query] GET https://cloudfunctions.googleapis.com/v1/operations/dGFyc2Ita2FudGVlbi0yMDIyL3VzLWNlbnRyYWwxL3Byb2Nlc3NTaWduVXAvZzNLOGdkOVUwbWc [none]
[debug] [2022-11-18T12:57:00.455Z] <<< [apiv2][status] GET https://cloudfunctions.googleapis.com/v1/operations/dGFyc2Ita2FudGVlbi0yMDIyL3VzLWNlbnRyYWwxL3Byb2Nlc3NTaWduVXAvZzNLOGdkOVUwbWc 200
[debug] [2022-11-18T12:57:00.456Z] <<< [apiv2][body] GET https://cloudfunctions.googleapis.com/v1/operations/dGFyc2Ita2FudGVlbi0yMDIyL3VzLWNlbnRyYWwxL3Byb2Nlc3NTaWduVXAvZzNLOGdkOVUwbWc {"name":"operations/dGFyc2Ita2FudGVlbi0yMDIyL3VzLWNlbnRyYWwxL3Byb2Nlc3NTaWduVXAvZzNLOGdkOVUwbWc","metadata":{"@type":"type.googleapis.com/google.cloud.functions.v1.OperationMetadataV1","target":"projects/tarsb-kanteen-2022/locations/us-central1/functions/processSignUp","type":"CREATE_FUNCTION","request":{"@type":"type.googleapis.com/google.cloud.functions.v1.CloudFunction","name":"projects/tarsb-kanteen-2022/locations/us-central1/functions/processSignUp","eventTrigger":{"eventType":"providers/firebase.auth/eventTypes/user.create","resource":"projects/tarsb-kanteen-2022"},"entryPoint":"processSignUp","labels":{"deployment-tool":"cli-firebase","firebase-functions-hash":"5bbb86de19514501292fc4bd15389c26856acbcb"},"sourceUploadUrl":"https://storage.googleapis.com/uploads-73719086671.us-central1.cloudfunctions.appspot.com/57006396-4d17-493e-b0bb-9e47a6ed51ce.zip?GoogleAccessId=service-1003054218699@gcf-admin-robot.iam.gserviceaccount.com&Expires=1668777979&Signature=EY03cK%2F3OOTlW5s66wOkVt0ebjXnsv7b2ttuC2Nedk88R7%2Ff9g%2B6dci%2BSx8E%2BxwXQZNfKXkn1WbL78QKC%2BilnsaYvMgL9t21J%2BIUdfwYkJBhwqQG9ow8%2FE4%2FqUTDaGr92PgWe3%2B1wuEcg8mP99MwREiLbRQprTOeU3EnV%2FmG9p2PXdgn2GLcZ9ybzHFZBgn60fTkyncsxZCWLM1VwDZ90FB5UwwbqEDGutMs8IYXv0TpHrf4SeaqauKOD8gCCpUAUp3xBhZDaG78kEWxw5qSsxuAluJbHnGJ0W38bNILM24bhZIHArcM%2BbfO37Zr%2FB8ElJScIWxqJnWk5jpj%2FUhp8A%3D%3D","environmentVariables":{"FIREBASE_CONFIG":"{\"projectId\":\"tarsb-kanteen-2022\",\"storageBucket\":\"tarsb-kanteen-2022.appspot.com\",\"locationId\":\"asia-southeast1\"}","GCLOUD_PROJECT":"tarsb-kanteen-2022","EVENTARC_CLOUD_EVENT_SOURCE":"projects/tarsb-kanteen-2022/locations/us-central1/functions/registerStall"},"runtime":"nodejs16","dockerRegistry":"ARTIFACT_REGISTRY"},"versionId":"1","updateTime":"2022-11-18T12:56:23Z","buildId":"71b5b244-385d-4cd2-a260-0867fd897ee4","buildName":"projects/1003054218699/locations/us-central1/builds/71b5b244-385d-4cd2-a260-0867fd897ee4"}}
[debug] [2022-11-18T12:57:10.471Z] [create-default-us-central1-processSignUp] Retrying task index 0
[debug] [2022-11-18T12:57:10.472Z] >>> [apiv2][query] GET https://cloudfunctions.googleapis.com/v1/operations/dGFyc2Ita2FudGVlbi0yMDIyL3VzLWNlbnRyYWwxL3Byb2Nlc3NTaWduVXAvZzNLOGdkOVUwbWc [none]
[debug] [2022-11-18T12:57:10.873Z] <<< [apiv2][status] GET https://cloudfunctions.googleapis.com/v1/operations/dGFyc2Ita2FudGVlbi0yMDIyL3VzLWNlbnRyYWwxL3Byb2Nlc3NTaWduVXAvZzNLOGdkOVUwbWc 200
[debug] [2022-11-18T12:57:10.874Z] <<< [apiv2][body] GET https://cloudfunctions.googleapis.com/v1/operations/dGFyc2Ita2FudGVlbi0yMDIyL3VzLWNlbnRyYWwxL3Byb2Nlc3NTaWduVXAvZzNLOGdkOVUwbWc {"name":"operations/dGFyc2Ita2FudGVlbi0yMDIyL3VzLWNlbnRyYWwxL3Byb2Nlc3NTaWduVXAvZzNLOGdkOVUwbWc","metadata":{"@type":"type.googleapis.com/google.cloud.functions.v1.OperationMetadataV1","target":"projects/tarsb-kanteen-2022/locations/us-central1/functions/processSignUp","type":"CREATE_FUNCTION","request":{"@type":"type.googleapis.com/google.cloud.functions.v1.CloudFunction","name":"projects/tarsb-kanteen-2022/locations/us-central1/functions/processSignUp","eventTrigger":{"eventType":"providers/firebase.auth/eventTypes/user.create","resource":"projects/tarsb-kanteen-2022"},"entryPoint":"processSignUp","labels":{"deployment-tool":"cli-firebase","firebase-functions-hash":"5bbb86de19514501292fc4bd15389c26856acbcb"},"sourceUploadUrl":"https://storage.googleapis.com/uploads-73719086671.us-central1.cloudfunctions.appspot.com/57006396-4d17-493e-b0bb-9e47a6ed51ce.zip?GoogleAccessId=service-1003054218699@gcf-admin-robot.iam.gserviceaccount.com&Expires=1668777979&Signature=EY03cK%2F3OOTlW5s66wOkVt0ebjXnsv7b2ttuC2Nedk88R7%2Ff9g%2B6dci%2BSx8E%2BxwXQZNfKXkn1WbL78QKC%2BilnsaYvMgL9t21J%2BIUdfwYkJBhwqQG9ow8%2FE4%2FqUTDaGr92PgWe3%2B1wuEcg8mP99MwREiLbRQprTOeU3EnV%2FmG9p2PXdgn2GLcZ9ybzHFZBgn60fTkyncsxZCWLM1VwDZ90FB5UwwbqEDGutMs8IYXv0TpHrf4SeaqauKOD8gCCpUAUp3xBhZDaG78kEWxw5qSsxuAluJbHnGJ0W38bNILM24bhZIHArcM%2BbfO37Zr%2FB8ElJScIWxqJnWk5jpj%2FUhp8A%3D%3D","environmentVariables":{"FIREBASE_CONFIG":"{\"projectId\":\"tarsb-kanteen-2022\",\"storageBucket\":\"tarsb-kanteen-2022.appspot.com\",\"locationId\":\"asia-southeast1\"}","GCLOUD_PROJECT":"tarsb-kanteen-2022","EVENTARC_CLOUD_EVENT_SOURCE":"projects/tarsb-kanteen-2022/locations/us-central1/functions/registerStall"},"runtime":"nodejs16","dockerRegistry":"ARTIFACT_REGISTRY"},"versionId":"1","updateTime":"2022-11-18T12:56:23Z","buildId":"71b5b244-385d-4cd2-a260-0867fd897ee4","buildName":"projects/1003054218699/locations/us-central1/builds/71b5b244-385d-4cd2-a260-0867fd897ee4"}}
[debug] [2022-11-18T12:57:20.876Z] [create-default-us-central1-processSignUp] Retrying task index 0
[debug] [2022-11-18T12:57:20.877Z] >>> [apiv2][query] GET https://cloudfunctions.googleapis.com/v1/operations/dGFyc2Ita2FudGVlbi0yMDIyL3VzLWNlbnRyYWwxL3Byb2Nlc3NTaWduVXAvZzNLOGdkOVUwbWc [none]
[debug] [2022-11-18T12:57:21.394Z] <<< [apiv2][status] GET https://cloudfunctions.googleapis.com/v1/operations/dGFyc2Ita2FudGVlbi0yMDIyL3VzLWNlbnRyYWwxL3Byb2Nlc3NTaWduVXAvZzNLOGdkOVUwbWc 200
[debug] [2022-11-18T12:57:21.394Z] <<< [apiv2][body] GET https://cloudfunctions.googleapis.com/v1/operations/dGFyc2Ita2FudGVlbi0yMDIyL3VzLWNlbnRyYWwxL3Byb2Nlc3NTaWduVXAvZzNLOGdkOVUwbWc {"name":"operations/dGFyc2Ita2FudGVlbi0yMDIyL3VzLWNlbnRyYWwxL3Byb2Nlc3NTaWduVXAvZzNLOGdkOVUwbWc","metadata":{"@type":"type.googleapis.com/google.cloud.functions.v1.OperationMetadataV1","target":"projects/tarsb-kanteen-2022/locations/us-central1/functions/processSignUp","type":"CREATE_FUNCTION","request":{"@type":"type.googleapis.com/google.cloud.functions.v1.CloudFunction","name":"projects/tarsb-kanteen-2022/locations/us-central1/functions/processSignUp","eventTrigger":{"eventType":"providers/firebase.auth/eventTypes/user.create","resource":"projects/tarsb-kanteen-2022"},"entryPoint":"processSignUp","labels":{"deployment-tool":"cli-firebase","firebase-functions-hash":"5bbb86de19514501292fc4bd15389c26856acbcb"},"sourceUploadUrl":"https://storage.googleapis.com/uploads-73719086671.us-central1.cloudfunctions.appspot.com/57006396-4d17-493e-b0bb-9e47a6ed51ce.zip?GoogleAccessId=service-1003054218699@gcf-admin-robot.iam.gserviceaccount.com&Expires=1668777979&Signature=EY03cK%2F3OOTlW5s66wOkVt0ebjXnsv7b2ttuC2Nedk88R7%2Ff9g%2B6dci%2BSx8E%2BxwXQZNfKXkn1WbL78QKC%2BilnsaYvMgL9t21J%2BIUdfwYkJBhwqQG9ow8%2FE4%2FqUTDaGr92PgWe3%2B1wuEcg8mP99MwREiLbRQprTOeU3EnV%2FmG9p2PXdgn2GLcZ9ybzHFZBgn60fTkyncsxZCWLM1VwDZ90FB5UwwbqEDGutMs8IYXv0TpHrf4SeaqauKOD8gCCpUAUp3xBhZDaG78kEWxw5qSsxuAluJbHnGJ0W38bNILM24bhZIHArcM%2BbfO37Zr%2FB8ElJScIWxqJnWk5jpj%2FUhp8A%3D%3D","environmentVariables":{"FIREBASE_CONFIG":"{\"projectId\":\"tarsb-kanteen-2022\",\"storageBucket\":\"tarsb-kanteen-2022.appspot.com\",\"locationId\":\"asia-southeast1\"}","GCLOUD_PROJECT":"tarsb-kanteen-2022","EVENTARC_CLOUD_EVENT_SOURCE":"projects/tarsb-kanteen-2022/locations/us-central1/functions/registerStall"},"runtime":"nodejs16","dockerRegistry":"ARTIFACT_REGISTRY"},"versionId":"1","updateTime":"2022-11-18T12:57:23Z","buildId":"71b5b244-385d-4cd2-a260-0867fd897ee4","sourceToken":"c9ade3a3-945c-469d-b4bc-e1303260dad7","buildName":"projects/1003054218699/locations/us-central1/builds/71b5b244-385d-4cd2-a260-0867fd897ee4"},"done":true,"response":{"@type":"type.googleapis.com/google.cloud.functions.v1.CloudFunction","name":"projects/tarsb-kanteen-2022/locations/us-central1/functions/processSignUp","eventTrigger":{"eventType":"providers/firebase.auth/eventTypes/user.create","resource":"projects/tarsb-kanteen-2022","service":"firebaseauth.googleapis.com","failurePolicy":{}},"status":"ACTIVE","entryPoint":"processSignUp","timeout":"60s","availableMemoryMb":256,"serviceAccountEmail":"tarsb-kanteen-2022@appspot.gserviceaccount.com","updateTime":"2022-11-18T12:57:23.454Z","versionId":"1","labels":{"deployment-tool":"cli-firebase","firebase-functions-hash":"5bbb86de19514501292fc4bd15389c26856acbcb"},"sourceUploadUrl":"https://storage.googleapis.com/uploads-73719086671.us-central1.cloudfunctions.appspot.com/57006396-4d17-493e-b0bb-9e47a6ed51ce.zip","environmentVariables":{"FIREBASE_CONFIG":"{\"projectId\":\"tarsb-kanteen-2022\",\"storageBucket\":\"tarsb-kanteen-2022.appspot.com\",\"locationId\":\"asia-southeast1\"}","GCLOUD_PROJECT":"tarsb-kanteen-2022","EVENTARC_CLOUD_EVENT_SOURCE":"projects/tarsb-kanteen-2022/locations/us-central1/functions/registerStall"},"runtime":"nodejs16","ingressSettings":"ALLOW_ALL","buildId":"71b5b244-385d-4cd2-a260-0867fd897ee4","buildName":"projects/1003054218699/locations/us-central1/builds/71b5b244-385d-4cd2-a260-0867fd897ee4","dockerRegistry":"ARTIFACT_REGISTRY"}}
[debug] [2022-11-18T12:57:21.394Z] Got source token c9ade3a3-945c-469d-b4bc-e1303260dad7 for region us-central1
[debug] [2022-11-18T12:57:21.395Z] >>> [apiv2][query] POST https://cloudfunctions.googleapis.com/v1/projects/tarsb-kanteen-2022/locations/us-central1/functions [none]
[debug] [2022-11-18T12:57:21.395Z] >>> [apiv2][body] POST https://cloudfunctions.googleapis.com/v1/projects/tarsb-kanteen-2022/locations/us-central1/functions {"name":"projects/tarsb-kanteen-2022/locations/us-central1/functions/registerStall","sourceUploadUrl":"https://storage.googleapis.com/uploads-73719086671.us-central1.cloudfunctions.appspot.com/57006396-4d17-493e-b0bb-9e47a6ed51ce.zip?GoogleAccessId=service-1003054218699@gcf-admin-robot.iam.gserviceaccount.com&Expires=1668777979&Signature=EY03cK%2F3OOTlW5s66wOkVt0ebjXnsv7b2ttuC2Nedk88R7%2Ff9g%2B6dci%2BSx8E%2BxwXQZNfKXkn1WbL78QKC%2BilnsaYvMgL9t21J%2BIUdfwYkJBhwqQG9ow8%2FE4%2FqUTDaGr92PgWe3%2B1wuEcg8mP99MwREiLbRQprTOeU3EnV%2FmG9p2PXdgn2GLcZ9ybzHFZBgn60fTkyncsxZCWLM1VwDZ90FB5UwwbqEDGutMs8IYXv0TpHrf4SeaqauKOD8gCCpUAUp3xBhZDaG78kEWxw5qSsxuAluJbHnGJ0W38bNILM24bhZIHArcM%2BbfO37Zr%2FB8ElJScIWxqJnWk5jpj%2FUhp8A%3D%3D","entryPoint":"registerStall","runtime":"nodejs16","dockerRegistry":"ARTIFACT_REGISTRY","labels":{"deployment-tool":"cli-firebase","deployment-callable":"true","firebase-functions-hash":"5bbb86de19514501292fc4bd15389c26856acbcb"},"httpsTrigger":{"securityLevel":"SECURE_ALWAYS"},"minInstances":null,"maxInstances":null,"ingressSettings":null,"environmentVariables":{"FIREBASE_CONFIG":"{\"projectId\":\"tarsb-kanteen-2022\",\"storageBucket\":\"tarsb-kanteen-2022.appspot.com\",\"locationId\":\"asia-southeast1\"}","GCLOUD_PROJECT":"tarsb-kanteen-2022","EVENTARC_CLOUD_EVENT_SOURCE":"projects/tarsb-kanteen-2022/locations/us-central1/functions/registerStall"},"serviceAccountEmail":null,"availableMemoryMb":null,"timeout":null,"vpcConnector":null,"vpcConnectorEgressSettings":null,"sourceToken":"c9ade3a3-945c-469d-b4bc-e1303260dad7"}
[info] +  functions[processSignUp(us-central1)] Successful create operation. 
[debug] [2022-11-18T12:57:22.215Z] <<< [apiv2][status] POST https://cloudfunctions.googleapis.com/v1/projects/tarsb-kanteen-2022/locations/us-central1/functions 200
[debug] [2022-11-18T12:57:22.215Z] <<< [apiv2][body] POST https://cloudfunctions.googleapis.com/v1/projects/tarsb-kanteen-2022/locations/us-central1/functions {"name":"operations/dGFyc2Ita2FudGVlbi0yMDIyL3VzLWNlbnRyYWwxL3JlZ2lzdGVyU3RhbGwvYnN3NXBrdWFaZ1k","metadata":{"@type":"type.googleapis.com/google.cloud.functions.v1.OperationMetadataV1","target":"projects/tarsb-kanteen-2022/locations/us-central1/functions/registerStall","type":"CREATE_FUNCTION","request":{"@type":"type.googleapis.com/google.cloud.functions.v1.CloudFunction","name":"projects/tarsb-kanteen-2022/locations/us-central1/functions/registerStall","httpsTrigger":{"securityLevel":"SECURE_ALWAYS"},"entryPoint":"registerStall","labels":{"deployment-tool":"cli-firebase","deployment-callable":"true","firebase-functions-hash":"5bbb86de19514501292fc4bd15389c26856acbcb"},"sourceUploadUrl":"https://storage.googleapis.com/uploads-73719086671.us-central1.cloudfunctions.appspot.com/57006396-4d17-493e-b0bb-9e47a6ed51ce.zip?GoogleAccessId=service-1003054218699@gcf-admin-robot.iam.gserviceaccount.com&Expires=1668777979&Signature=EY03cK%2F3OOTlW5s66wOkVt0ebjXnsv7b2ttuC2Nedk88R7%2Ff9g%2B6dci%2BSx8E%2BxwXQZNfKXkn1WbL78QKC%2BilnsaYvMgL9t21J%2BIUdfwYkJBhwqQG9ow8%2FE4%2FqUTDaGr92PgWe3%2B1wuEcg8mP99MwREiLbRQprTOeU3EnV%2FmG9p2PXdgn2GLcZ9ybzHFZBgn60fTkyncsxZCWLM1VwDZ90FB5UwwbqEDGutMs8IYXv0TpHrf4SeaqauKOD8gCCpUAUp3xBhZDaG78kEWxw5qSsxuAluJbHnGJ0W38bNILM24bhZIHArcM%2BbfO37Zr%2FB8ElJScIWxqJnWk5jpj%2FUhp8A%3D%3D","environmentVariables":{"FIREBASE_CONFIG":"{\"projectId\":\"tarsb-kanteen-2022\",\"storageBucket\":\"tarsb-kanteen-2022.appspot.com\",\"locationId\":\"asia-southeast1\"}","GCLOUD_PROJECT":"tarsb-kanteen-2022","EVENTARC_CLOUD_EVENT_SOURCE":"projects/tarsb-kanteen-2022/locations/us-central1/functions/registerStall"},"runtime":"nodejs16","sourceToken":"c9ade3a3-945c-469d-b4bc-e1303260dad7","dockerRegistry":"ARTIFACT_REGISTRY"},"versionId":"1","updateTime":"2022-11-18T12:57:24Z","sourceToken":"c9ade3a3-945c-469d-b4bc-e1303260dad7"}}
[debug] [2022-11-18T12:57:22.216Z] >>> [apiv2][query] GET https://cloudfunctions.googleapis.com/v1/operations/dGFyc2Ita2FudGVlbi0yMDIyL3VzLWNlbnRyYWwxL3JlZ2lzdGVyU3RhbGwvYnN3NXBrdWFaZ1k [none]
[debug] [2022-11-18T12:57:22.739Z] <<< [apiv2][status] GET https://cloudfunctions.googleapis.com/v1/operations/dGFyc2Ita2FudGVlbi0yMDIyL3VzLWNlbnRyYWwxL3JlZ2lzdGVyU3RhbGwvYnN3NXBrdWFaZ1k 200
[debug] [2022-11-18T12:57:22.739Z] <<< [apiv2][body] GET https://cloudfunctions.googleapis.com/v1/operations/dGFyc2Ita2FudGVlbi0yMDIyL3VzLWNlbnRyYWwxL3JlZ2lzdGVyU3RhbGwvYnN3NXBrdWFaZ1k {"name":"operations/dGFyc2Ita2FudGVlbi0yMDIyL3VzLWNlbnRyYWwxL3JlZ2lzdGVyU3RhbGwvYnN3NXBrdWFaZ1k","metadata":{"@type":"type.googleapis.com/google.cloud.functions.v1.OperationMetadataV1","target":"projects/tarsb-kanteen-2022/locations/us-central1/functions/registerStall","type":"CREATE_FUNCTION","request":{"@type":"type.googleapis.com/google.cloud.functions.v1.CloudFunction","name":"projects/tarsb-kanteen-2022/locations/us-central1/functions/registerStall","httpsTrigger":{"securityLevel":"SECURE_ALWAYS"},"entryPoint":"registerStall","labels":{"deployment-tool":"cli-firebase","deployment-callable":"true","firebase-functions-hash":"5bbb86de19514501292fc4bd15389c26856acbcb"},"sourceUploadUrl":"https://storage.googleapis.com/uploads-73719086671.us-central1.cloudfunctions.appspot.com/57006396-4d17-493e-b0bb-9e47a6ed51ce.zip?GoogleAccessId=service-1003054218699@gcf-admin-robot.iam.gserviceaccount.com&Expires=1668777979&Signature=EY03cK%2F3OOTlW5s66wOkVt0ebjXnsv7b2ttuC2Nedk88R7%2Ff9g%2B6dci%2BSx8E%2BxwXQZNfKXkn1WbL78QKC%2BilnsaYvMgL9t21J%2BIUdfwYkJBhwqQG9ow8%2FE4%2FqUTDaGr92PgWe3%2B1wuEcg8mP99MwREiLbRQprTOeU3EnV%2FmG9p2PXdgn2GLcZ9ybzHFZBgn60fTkyncsxZCWLM1VwDZ90FB5UwwbqEDGutMs8IYXv0TpHrf4SeaqauKOD8gCCpUAUp3xBhZDaG78kEWxw5qSsxuAluJbHnGJ0W38bNILM24bhZIHArcM%2BbfO37Zr%2FB8ElJScIWxqJnWk5jpj%2FUhp8A%3D%3D","environmentVariables":{"FIREBASE_CONFIG":"{\"projectId\":\"tarsb-kanteen-2022\",\"storageBucket\":\"tarsb-kanteen-2022.appspot.com\",\"locationId\":\"asia-southeast1\"}","GCLOUD_PROJECT":"tarsb-kanteen-2022","EVENTARC_CLOUD_EVENT_SOURCE":"projects/tarsb-kanteen-2022/locations/us-central1/functions/registerStall"},"runtime":"nodejs16","sourceToken":"c9ade3a3-945c-469d-b4bc-e1303260dad7","dockerRegistry":"ARTIFACT_REGISTRY"},"versionId":"1","updateTime":"2022-11-18T12:57:24Z","sourceToken":"c9ade3a3-945c-469d-b4bc-e1303260dad7"}}
[debug] [2022-11-18T12:57:22.740Z] Got source token c9ade3a3-945c-469d-b4bc-e1303260dad7 for region us-central1
[debug] [2022-11-18T12:57:23.253Z] [create-default-us-central1-registerStall] Retrying task index 0
[debug] [2022-11-18T12:57:23.254Z] >>> [apiv2][query] GET https://cloudfunctions.googleapis.com/v1/operations/dGFyc2Ita2FudGVlbi0yMDIyL3VzLWNlbnRyYWwxL3JlZ2lzdGVyU3RhbGwvYnN3NXBrdWFaZ1k [none]
[debug] [2022-11-18T12:57:23.742Z] <<< [apiv2][status] GET https://cloudfunctions.googleapis.com/v1/operations/dGFyc2Ita2FudGVlbi0yMDIyL3VzLWNlbnRyYWwxL3JlZ2lzdGVyU3RhbGwvYnN3NXBrdWFaZ1k 200
[debug] [2022-11-18T12:57:23.742Z] <<< [apiv2][body] GET https://cloudfunctions.googleapis.com/v1/operations/dGFyc2Ita2FudGVlbi0yMDIyL3VzLWNlbnRyYWwxL3JlZ2lzdGVyU3RhbGwvYnN3NXBrdWFaZ1k {"name":"operations/dGFyc2Ita2FudGVlbi0yMDIyL3VzLWNlbnRyYWwxL3JlZ2lzdGVyU3RhbGwvYnN3NXBrdWFaZ1k","metadata":{"@type":"type.googleapis.com/google.cloud.functions.v1.OperationMetadataV1","target":"projects/tarsb-kanteen-2022/locations/us-central1/functions/registerStall","type":"CREATE_FUNCTION","request":{"@type":"type.googleapis.com/google.cloud.functions.v1.CloudFunction","name":"projects/tarsb-kanteen-2022/locations/us-central1/functions/registerStall","httpsTrigger":{"securityLevel":"SECURE_ALWAYS"},"entryPoint":"registerStall","labels":{"deployment-tool":"cli-firebase","deployment-callable":"true","firebase-functions-hash":"5bbb86de19514501292fc4bd15389c26856acbcb"},"sourceUploadUrl":"https://storage.googleapis.com/uploads-73719086671.us-central1.cloudfunctions.appspot.com/57006396-4d17-493e-b0bb-9e47a6ed51ce.zip?GoogleAccessId=service-1003054218699@gcf-admin-robot.iam.gserviceaccount.com&Expires=1668777979&Signature=EY03cK%2F3OOTlW5s66wOkVt0ebjXnsv7b2ttuC2Nedk88R7%2Ff9g%2B6dci%2BSx8E%2BxwXQZNfKXkn1WbL78QKC%2BilnsaYvMgL9t21J%2BIUdfwYkJBhwqQG9ow8%2FE4%2FqUTDaGr92PgWe3%2B1wuEcg8mP99MwREiLbRQprTOeU3EnV%2FmG9p2PXdgn2GLcZ9ybzHFZBgn60fTkyncsxZCWLM1VwDZ90FB5UwwbqEDGutMs8IYXv0TpHrf4SeaqauKOD8gCCpUAUp3xBhZDaG78kEWxw5qSsxuAluJbHnGJ0W38bNILM24bhZIHArcM%2BbfO37Zr%2FB8ElJScIWxqJnWk5jpj%2FUhp8A%3D%3D","environmentVariables":{"FIREBASE_CONFIG":"{\"projectId\":\"tarsb-kanteen-2022\",\"storageBucket\":\"tarsb-kanteen-2022.appspot.com\",\"locationId\":\"asia-southeast1\"}","GCLOUD_PROJECT":"tarsb-kanteen-2022","EVENTARC_CLOUD_EVENT_SOURCE":"projects/tarsb-kanteen-2022/locations/us-central1/functions/registerStall"},"runtime":"nodejs16","sourceToken":"c9ade3a3-945c-469d-b4bc-e1303260dad7","dockerRegistry":"ARTIFACT_REGISTRY"},"versionId":"1","updateTime":"2022-11-18T12:57:24Z","sourceToken":"c9ade3a3-945c-469d-b4bc-e1303260dad7"}}
[debug] [2022-11-18T12:57:23.742Z] Got source token c9ade3a3-945c-469d-b4bc-e1303260dad7 for region us-central1
[debug] [2022-11-18T12:57:24.757Z] [create-default-us-central1-registerStall] Retrying task index 0
[debug] [2022-11-18T12:57:24.758Z] >>> [apiv2][query] GET https://cloudfunctions.googleapis.com/v1/operations/dGFyc2Ita2FudGVlbi0yMDIyL3VzLWNlbnRyYWwxL3JlZ2lzdGVyU3RhbGwvYnN3NXBrdWFaZ1k [none]
[debug] [2022-11-18T12:57:25.229Z] <<< [apiv2][status] GET https://cloudfunctions.googleapis.com/v1/operations/dGFyc2Ita2FudGVlbi0yMDIyL3VzLWNlbnRyYWwxL3JlZ2lzdGVyU3RhbGwvYnN3NXBrdWFaZ1k 200
[debug] [2022-11-18T12:57:25.230Z] <<< [apiv2][body] GET https://cloudfunctions.googleapis.com/v1/operations/dGFyc2Ita2FudGVlbi0yMDIyL3VzLWNlbnRyYWwxL3JlZ2lzdGVyU3RhbGwvYnN3NXBrdWFaZ1k {"name":"operations/dGFyc2Ita2FudGVlbi0yMDIyL3VzLWNlbnRyYWwxL3JlZ2lzdGVyU3RhbGwvYnN3NXBrdWFaZ1k","metadata":{"@type":"type.googleapis.com/google.cloud.functions.v1.OperationMetadataV1","target":"projects/tarsb-kanteen-2022/locations/us-central1/functions/registerStall","type":"CREATE_FUNCTION","request":{"@type":"type.googleapis.com/google.cloud.functions.v1.CloudFunction","name":"projects/tarsb-kanteen-2022/locations/us-central1/functions/registerStall","httpsTrigger":{"securityLevel":"SECURE_ALWAYS"},"entryPoint":"registerStall","labels":{"deployment-tool":"cli-firebase","deployment-callable":"true","firebase-functions-hash":"5bbb86de19514501292fc4bd15389c26856acbcb"},"sourceUploadUrl":"https://storage.googleapis.com/uploads-73719086671.us-central1.cloudfunctions.appspot.com/57006396-4d17-493e-b0bb-9e47a6ed51ce.zip?GoogleAccessId=service-1003054218699@gcf-admin-robot.iam.gserviceaccount.com&Expires=1668777979&Signature=EY03cK%2F3OOTlW5s66wOkVt0ebjXnsv7b2ttuC2Nedk88R7%2Ff9g%2B6dci%2BSx8E%2BxwXQZNfKXkn1WbL78QKC%2BilnsaYvMgL9t21J%2BIUdfwYkJBhwqQG9ow8%2FE4%2FqUTDaGr92PgWe3%2B1wuEcg8mP99MwREiLbRQprTOeU3EnV%2FmG9p2PXdgn2GLcZ9ybzHFZBgn60fTkyncsxZCWLM1VwDZ90FB5UwwbqEDGutMs8IYXv0TpHrf4SeaqauKOD8gCCpUAUp3xBhZDaG78kEWxw5qSsxuAluJbHnGJ0W38bNILM24bhZIHArcM%2BbfO37Zr%2FB8ElJScIWxqJnWk5jpj%2FUhp8A%3D%3D","environmentVariables":{"FIREBASE_CONFIG":"{\"projectId\":\"tarsb-kanteen-2022\",\"storageBucket\":\"tarsb-kanteen-2022.appspot.com\",\"locationId\":\"asia-southeast1\"}","GCLOUD_PROJECT":"tarsb-kanteen-2022","EVENTARC_CLOUD_EVENT_SOURCE":"projects/tarsb-kanteen-2022/locations/us-central1/functions/registerStall"},"runtime":"nodejs16","sourceToken":"c9ade3a3-945c-469d-b4bc-e1303260dad7","dockerRegistry":"ARTIFACT_REGISTRY"},"versionId":"1","updateTime":"2022-11-18T12:57:24Z","sourceToken":"c9ade3a3-945c-469d-b4bc-e1303260dad7"}}
[debug] [2022-11-18T12:57:25.230Z] Got source token c9ade3a3-945c-469d-b4bc-e1303260dad7 for region us-central1
[debug] [2022-11-18T12:57:27.232Z] [create-default-us-central1-registerStall] Retrying task index 0
[debug] [2022-11-18T12:57:27.232Z] >>> [apiv2][query] GET https://cloudfunctions.googleapis.com/v1/operations/dGFyc2Ita2FudGVlbi0yMDIyL3VzLWNlbnRyYWwxL3JlZ2lzdGVyU3RhbGwvYnN3NXBrdWFaZ1k [none]
[debug] [2022-11-18T12:57:27.695Z] <<< [apiv2][status] GET https://cloudfunctions.googleapis.com/v1/operations/dGFyc2Ita2FudGVlbi0yMDIyL3VzLWNlbnRyYWwxL3JlZ2lzdGVyU3RhbGwvYnN3NXBrdWFaZ1k 200
[debug] [2022-11-18T12:57:27.695Z] <<< [apiv2][body] GET https://cloudfunctions.googleapis.com/v1/operations/dGFyc2Ita2FudGVlbi0yMDIyL3VzLWNlbnRyYWwxL3JlZ2lzdGVyU3RhbGwvYnN3NXBrdWFaZ1k {"name":"operations/dGFyc2Ita2FudGVlbi0yMDIyL3VzLWNlbnRyYWwxL3JlZ2lzdGVyU3RhbGwvYnN3NXBrdWFaZ1k","metadata":{"@type":"type.googleapis.com/google.cloud.functions.v1.OperationMetadataV1","target":"projects/tarsb-kanteen-2022/locations/us-central1/functions/registerStall","type":"CREATE_FUNCTION","request":{"@type":"type.googleapis.com/google.cloud.functions.v1.CloudFunction","name":"projects/tarsb-kanteen-2022/locations/us-central1/functions/registerStall","httpsTrigger":{"securityLevel":"SECURE_ALWAYS"},"entryPoint":"registerStall","labels":{"deployment-tool":"cli-firebase","deployment-callable":"true","firebase-functions-hash":"5bbb86de19514501292fc4bd15389c26856acbcb"},"sourceUploadUrl":"https://storage.googleapis.com/uploads-73719086671.us-central1.cloudfunctions.appspot.com/57006396-4d17-493e-b0bb-9e47a6ed51ce.zip?GoogleAccessId=service-1003054218699@gcf-admin-robot.iam.gserviceaccount.com&Expires=1668777979&Signature=EY03cK%2F3OOTlW5s66wOkVt0ebjXnsv7b2ttuC2Nedk88R7%2Ff9g%2B6dci%2BSx8E%2BxwXQZNfKXkn1WbL78QKC%2BilnsaYvMgL9t21J%2BIUdfwYkJBhwqQG9ow8%2FE4%2FqUTDaGr92PgWe3%2B1wuEcg8mP99MwREiLbRQprTOeU3EnV%2FmG9p2PXdgn2GLcZ9ybzHFZBgn60fTkyncsxZCWLM1VwDZ90FB5UwwbqEDGutMs8IYXv0TpHrf4SeaqauKOD8gCCpUAUp3xBhZDaG78kEWxw5qSsxuAluJbHnGJ0W38bNILM24bhZIHArcM%2BbfO37Zr%2FB8ElJScIWxqJnWk5jpj%2FUhp8A%3D%3D","environmentVariables":{"FIREBASE_CONFIG":"{\"projectId\":\"tarsb-kanteen-2022\",\"storageBucket\":\"tarsb-kanteen-2022.appspot.com\",\"locationId\":\"asia-southeast1\"}","GCLOUD_PROJECT":"tarsb-kanteen-2022","EVENTARC_CLOUD_EVENT_SOURCE":"projects/tarsb-kanteen-2022/locations/us-central1/functions/registerStall"},"runtime":"nodejs16","sourceToken":"c9ade3a3-945c-469d-b4bc-e1303260dad7","dockerRegistry":"ARTIFACT_REGISTRY"},"versionId":"1","updateTime":"2022-11-18T12:57:24Z","sourceToken":"c9ade3a3-945c-469d-b4bc-e1303260dad7"}}
[debug] [2022-11-18T12:57:27.695Z] Got source token c9ade3a3-945c-469d-b4bc-e1303260dad7 for region us-central1
[debug] [2022-11-18T12:57:31.702Z] [create-default-us-central1-registerStall] Retrying task index 0
[debug] [2022-11-18T12:57:31.702Z] >>> [apiv2][query] GET https://cloudfunctions.googleapis.com/v1/operations/dGFyc2Ita2FudGVlbi0yMDIyL3VzLWNlbnRyYWwxL3JlZ2lzdGVyU3RhbGwvYnN3NXBrdWFaZ1k [none]
[debug] [2022-11-18T12:57:32.127Z] <<< [apiv2][status] GET https://cloudfunctions.googleapis.com/v1/operations/dGFyc2Ita2FudGVlbi0yMDIyL3VzLWNlbnRyYWwxL3JlZ2lzdGVyU3RhbGwvYnN3NXBrdWFaZ1k 200
[debug] [2022-11-18T12:57:32.127Z] <<< [apiv2][body] GET https://cloudfunctions.googleapis.com/v1/operations/dGFyc2Ita2FudGVlbi0yMDIyL3VzLWNlbnRyYWwxL3JlZ2lzdGVyU3RhbGwvYnN3NXBrdWFaZ1k {"name":"operations/dGFyc2Ita2FudGVlbi0yMDIyL3VzLWNlbnRyYWwxL3JlZ2lzdGVyU3RhbGwvYnN3NXBrdWFaZ1k","metadata":{"@type":"type.googleapis.com/google.cloud.functions.v1.OperationMetadataV1","target":"projects/tarsb-kanteen-2022/locations/us-central1/functions/registerStall","type":"CREATE_FUNCTION","request":{"@type":"type.googleapis.com/google.cloud.functions.v1.CloudFunction","name":"projects/tarsb-kanteen-2022/locations/us-central1/functions/registerStall","httpsTrigger":{"securityLevel":"SECURE_ALWAYS"},"entryPoint":"registerStall","labels":{"deployment-tool":"cli-firebase","deployment-callable":"true","firebase-functions-hash":"5bbb86de19514501292fc4bd15389c26856acbcb"},"sourceUploadUrl":"https://storage.googleapis.com/uploads-73719086671.us-central1.cloudfunctions.appspot.com/57006396-4d17-493e-b0bb-9e47a6ed51ce.zip?GoogleAccessId=service-1003054218699@gcf-admin-robot.iam.gserviceaccount.com&Expires=1668777979&Signature=EY03cK%2F3OOTlW5s66wOkVt0ebjXnsv7b2ttuC2Nedk88R7%2Ff9g%2B6dci%2BSx8E%2BxwXQZNfKXkn1WbL78QKC%2BilnsaYvMgL9t21J%2BIUdfwYkJBhwqQG9ow8%2FE4%2FqUTDaGr92PgWe3%2B1wuEcg8mP99MwREiLbRQprTOeU3EnV%2FmG9p2PXdgn2GLcZ9ybzHFZBgn60fTkyncsxZCWLM1VwDZ90FB5UwwbqEDGutMs8IYXv0TpHrf4SeaqauKOD8gCCpUAUp3xBhZDaG78kEWxw5qSsxuAluJbHnGJ0W38bNILM24bhZIHArcM%2BbfO37Zr%2FB8ElJScIWxqJnWk5jpj%2FUhp8A%3D%3D","environmentVariables":{"FIREBASE_CONFIG":"{\"projectId\":\"tarsb-kanteen-2022\",\"storageBucket\":\"tarsb-kanteen-2022.appspot.com\",\"locationId\":\"asia-southeast1\"}","GCLOUD_PROJECT":"tarsb-kanteen-2022","EVENTARC_CLOUD_EVENT_SOURCE":"projects/tarsb-kanteen-2022/locations/us-central1/functions/registerStall"},"runtime":"nodejs16","sourceToken":"c9ade3a3-945c-469d-b4bc-e1303260dad7","dockerRegistry":"ARTIFACT_REGISTRY"},"versionId":"1","updateTime":"2022-11-18T12:57:24Z","buildId":"71b5b244-385d-4cd2-a260-0867fd897ee4","sourceToken":"c9ade3a3-945c-469d-b4bc-e1303260dad7","buildName":"projects/1003054218699/locations/us-central1/builds/71b5b244-385d-4cd2-a260-0867fd897ee4"}}
[debug] [2022-11-18T12:57:32.127Z] Got source token c9ade3a3-945c-469d-b4bc-e1303260dad7 for region us-central1
